2019-12-30 19:54:47:     User(ID696E3BCC-hLHNE8Wf) was authenticated successfully
2019-12-30 19:54:47:     Game type = "Red bonus tile" : True, "Open tanyao" : True, "Game  length" : tonpusen
2019-12-30 19:54:47:     A new game started!
2019-12-30 19:54:47:     The replay link can be found here: http://tenhou.net/0/?log=None&tw=1
2019-12-30 19:54:47:     Players are: [tst_tio - 1 - None, COM - 新人 - None, COM - 新人 - None, COM - 新人 - None]
2019-12-30 19:54:48:     --------------------------------------------------
2019-12-30 19:54:48:     Players: [tst_tio - 1 - 25000, COM - 新人 - 25000, COM - 新人 - 25000, COM - 新人 - 25000]
2019-12-30 19:54:48:     Dealer: COM - 新人 - 25000
2019-12-30 19:54:48:  
2019-12-30 19:54:48:     [Player 3] draws a tile...
2019-12-30 19:54:49: 
2019-12-30 19:54:49:     [Player 1] draws a tile...
2019-12-30 19:54:51:     [Player 2] draws a tile...
2019-12-30 19:54:51:     [Player 3] draws a tile...
2019-12-30 19:54:51: 
2019-12-30 19:54:52: 
2019-12-30 19:54:52:     Remaining tiles: 65
2019-12-30 19:54:52:     --------------------------------------------------
2019-12-30 19:54:52: 
2019-12-30 19:54:52:     [Player 1] draws a tile...
2019-12-30 19:54:52:     [Player 2] draws a tile...
2019-12-30 19:54:52:     [Player 3] draws a tile...
2019-12-30 19:54:52: 
2019-12-30 19:54:53: 
2019-12-30 19:54:53:     Remaining tiles: 61
2019-12-30 19:54:53:     --------------------------------------------------
2019-12-30 19:54:53: 
2019-12-30 19:54:53:     [Player 1] draws a tile...
2019-12-30 19:54:53:     [Player 2] draws a tile...
2019-12-30 19:54:53:     [Player 3] draws a tile...
2019-12-30 19:54:53: 
2019-12-30 19:54:54: 
2019-12-30 19:54:54:     Remaining tiles: 57
2019-12-30 19:54:54:     --------------------------------------------------
2019-12-30 19:54:54: 
2019-12-30 19:54:55:     [Player 1] draws a tile...
2019-12-30 19:54:55:     [Player 2] draws a tile...
2019-12-30 19:54:55:     [Player 3] draws a tile...
2019-12-30 19:54:55: 
2019-12-30 19:54:55: 
2019-12-30 19:54:55:     Remaining tiles: 53
2019-12-30 19:54:55:     --------------------------------------------------
2019-12-30 19:54:55: 
2019-12-30 19:54:56:     [Player 1] draws a tile...
2019-12-30 19:54:56:     [Player 2] draws a tile...
2019-12-30 19:54:56:     [Player 3] draws a tile...
2019-12-30 19:54:56: 
2019-12-30 19:54:56: 
2019-12-30 19:54:56:     Remaining tiles: 49
2019-12-30 19:54:56:     --------------------------------------------------
2019-12-30 19:54:56: 
2019-12-30 19:54:57: End the game...
2019-12-30 19:54:57:     Game End
2019-12-30 19:54:57: 
